** Drc report for filled.kicad_pcb **
** Created on 2026-07-19T10:22:30 **
** Report includes: Errors, Warnings **

** Found 4 DRC violations **
[silk_overlap]: Silkscreen clearance
    Rule: board setup constraints silk; warning
    @(40.6000 mm, 31.3000 mm): Reference field of C8
    @(45.8850 mm, 35.3250 mm): Segment of C8 on F.Silkscreen
[silk_overlap]: Silkscreen clearance
    Rule: board setup constraints silk; warning
    @(40.6000 mm, 31.3000 mm): Reference field of C8
    @(45.8850 mm, 33.6750 mm): Segment of C8 on F.Silkscreen
[silk_overlap]: Silkscreen clearance
    Rule: board setup constraints silk; warning
    @(45.8100 mm, 33.7500 mm): Arc of C8 on F.Silkscreen
    @(40.6000 mm, 31.3000 mm): Reference field of C8
[silk_overlap]: Silkscreen clearance
    Rule: board setup constraints silk; warning
    @(45.8100 mm, 35.2500 mm): Arc of C8 on F.Silkscreen
    @(40.6000 mm, 31.3000 mm): Reference field of C8

** Found 0 unconnected pads **

** Found 0 Footprint errors **

** Ignored checks **
    - Footprint has no courtyard defined
    - Track endpoint not centered on via
    - Tuning profile track geometries
    - Footprint doesn't match symbol's footprint filters
    - Footprint component type doesn't match footprint pads

** End of Report **
